
ROM used:   146/8192 (2%)
            146/8192 (2%) including unused fragments

            0.2 Average locations per line
            4.2 Average locations per statement

RAM used:   6/368 (2%) at main() level
            6/368 (2%) worst case

Stack used: 0 worst case (0 in main + 0 for interrupts)
Stack size: 8

Lines Stmts  %   Files
----- ----- ---  -----
   55    35 100  ADC.c
  810     0   0  ..\..\..\..\..\..\..\..\..\..\Program Files (x86)\PICCDEMO\Devices\16F887.h
----- -----
  865    35 Total

Page ROM  %  RAM    Vol Diff  Functions:
---- --- --- ---    --- ----  ----------
0    142  97    0    768  3.8  main
 Inline         0    207  3.1  @cinit1

Program metrics:
    Functions               2
    Statements              35
    Comments                174
    Volume (V)              1118
    Difficulty (D)          7.1
    Effort to implement (E) 7914
    Time to implement (T)   7 minutes
    Est Delivered Bugs (B)  0
    Cyclomatic Complexity   10
    Maintainability (MI)    138

 Segment     Used  Free
-----------  ----  ----
00000-00003     4  0  
00004-007FF   142  1902  
00800-00FFF     0  2048  
01000-017FF     0  2048  
01800-01FFF     0  2048  



