
ROM used:   132/8192 (2%)
            132/8192 (2%) including unused fragments

            0.2 Average locations per line
            3.8 Average locations per statement

RAM used:   6/368 (2%) at main() level
            6/368 (2%) worst case

Stack used: 0 worst case (0 in main + 0 for interrupts)
Stack size: 8

Lines Stmts  %   Files
----- ----- ---  -----
  118    35 100  ADC.c
  684     0   0  ..\..\..\..\..\Program Files\PICC\Devices\16F877A.h
----- -----
  802    35 Total

Page ROM  %  RAM    Vol Diff  Functions:
---- --- --- ---    --- ----  ----------
0     18  14    0     54  1.2  SisInit
0    110  83    0    661  3.8  MAIN
 Inline         0             @cinit1

Program metrics:
    Functions               2
    Statements              35
    Comments                166
    Volume (V)              789
    Difficulty (D)          5.0
    Effort to implement (E) 3937
    Time to implement (T)   4 minutes
    Est Delivered Bugs (B)  0
    Cyclomatic Complexity   9
    Maintainability (MI)    143

 Segment     Used  Free
-----------  ----  ----
00000-00003     4  0  
00004-007FF   128  1916  
00800-00FFF     0  2048  
01000-017FF     0  2048  
01800-01FFF     0  2048  



