Compiling E:\Martin Hdez\Desktop\CCS 16F\877A\Práctica 5\ADC on 24-feb.-22 at 16:31
*** Error 1 "E:\Program Files\PICC\Devices\16F877A.h" Line 524(1,2): Illegal C character in input file  0x80
*** Error 1 "E:\Program Files\PICC\Devices\16F877A.h" Line 524(1,2): Illegal C character in input file  0x00
*** Error 1 "E:\Program Files\PICC\Devices\16F877A.h" Line 524(1,2): Illegal C character in input file  0x85
*** Error 1 "E:\Program Files\PICC\Devices\16F877A.h" Line 524(3,4): Illegal C character in input file  0x00
*** Error 1 "E:\Program Files\PICC\Devices\16F877A.h" Line 524(3,4): Illegal C character in input file  0x00
*** Error 1 "E:\Program Files\PICC\Devices\16F877A.h" Line 524(3,4): Illegal C character in input file  0xFF
*** Error 1 "E:\Program Files\PICC\Devices\16F877A.h" Line 524(3,4): Illegal C character in input file  0xFF
*** Error 1 "E:\Program Files\PICC\Devices\16F877A.h" Line 524(3,4): Illegal C character in input file  0xFF
*** Error 1 "E:\Program Files\PICC\Devices\16F877A.h" Line 524(3,4): Illegal C character in input file  0x00
*** Error 1 "E:\Program Files\PICC\Devices\16F877A.h" Line 524(3,4): Illegal C character in input file  0x07
*** Error 1 "E:\Program Files\PICC\Devices\16F877A.h" Line 524(3,4): Illegal C character in input file  0x00
*** Error 1 "E:\Program Files\PICC\Devices\16F877A.h" Line 524(3,4): Illegal C character in input file  0x00
*** Error 1 "E:\Program Files\PICC\Devices\16F877A.h" Line 524(3,4): Illegal C character in input file  0x00
*** Error 1 "E:\Program Files\PICC\Devices\16F877A.h" Line 524(3,4): Illegal C character in input file  0x00
*** Error 1 "E:\Program Files\PICC\Devices\16F877A.h" Line 524(3,4): Illegal C character in input file  0x00
*** Error 1 "E:\Program Files\PICC\Devices\16F877A.h" Line 524(3,4): Illegal C character in input file  0x00
*** Error 1 "E:\Program Files\PICC\Devices\16F877A.h" Line 524(3,4): Illegal C character in input file  0x00
*** Error 1 "E:\Program Files\PICC\Devices\16F877A.h" Line 524(3,4): Illegal C character in input file  0xBD
*** Error 32 "E:\Program Files\PICC\Devices\16F877A.h" Line 524(1,2): Expecting a , or )
*** Error 1 "E:\Program Files\PICC\Devices\16F877A.h" Line 524(9,10): Illegal C character in input file  0xA3
*** Error 5 "E:\Program Files\PICC\Devices\16F877A.h" Line 524(9,10): Character constant constructed incorrectly
*** Error 1 "E:\Program Files\PICC\Devices\16F877A.h" Line 524(9,10): Illegal C character in input file  0x81
*** Error 1 "E:\Program Files\PICC\Devices\16F877A.h" Line 524(9,10): Illegal C character in input file  0xB0
*** Error 1 "E:\Program Files\PICC\Devices\16F877A.h" Line 524(9,10): Illegal C character in input file  0x06
*** Error 1 "E:\Program Files\PICC\Devices\16F877A.h" Line 524(9,10): Illegal C character in input file  0x16
*** Error 1 "E:\Program Files\PICC\Devices\16F877A.h" Line 524(9,10): Illegal C character in input file  0xC9
*** Error 1 "E:\Program Files\PICC\Devices\16F877A.h" Line 524(9,10): Illegal C character in input file  0xE5
*** Error 1 "E:\Program Files\PICC\Devices\16F877A.h" Line 524(9,10): Illegal C character in input file  0x40
*** Error 1 "E:\Program Files\PICC\Devices\16F877A.h" Line 524(9,10): Illegal C character in input file  0x00
*** Error 1 "E:\Program Files\PICC\Devices\16F877A.h" Line 524(9,10): Illegal C character in input file  0x00
*** Error 1 "E:\Program Files\PICC\Devices\16F877A.h" Line 524(9,10): Illegal C character in input file  0x00
*** Error 1 "E:\Program Files\PICC\Devices\16F877A.h" Line 524(9,10): Illegal C character in input file  0x00
*** Error 1 "E:\Program Files\PICC\Devices\16F877A.h" Line 524(9,10): Illegal C character in input file  0x00
*** Error 1 "E:\Program Files\PICC\Devices\16F877A.h" Line 524(9,10): Illegal C character in input file  0x00
*** Error 1 "E:\Program Files\PICC\Devices\16F877A.h" Line 524(9,10): Illegal C character in input file  0x00
*** Error 1 "E:\Program Files\PICC\Devices\16F877A.h" Line 524(9,10): Illegal C character in input file  0x00
*** Error 1 "E:\Program Files\PICC\Devices\16F877A.h" Line 524(9,10): Illegal C character in input file  0x00
*** Error 1 "E:\Program Files\PICC\Devices\16F877A.h" Line 524(9,10): Illegal C character in input file  0x00
*** Error 1 "E:\Program Files\PICC\Devices\16F877A.h" Line 524(9,10): Illegal C character in input file  0x00
*** Error 1 "E:\Program Files\PICC\Devices\16F877A.h" Line 524(9,10): Illegal C character in input file  0x00
*** Error 1 "E:\Program Files\PICC\Devices\16F877A.h" Line 524(9,10): Illegal C character in input file  0x00
*** Error 1 "E:\Program Files\PICC\Devices\16F877A.h" Line 524(9,10): Illegal C character in input file  0x00
*** Error 1 "E:\Program Files\PICC\Devices\16F877A.h" Line 524(9,10): Illegal C character in input file  0x00
*** Error 1 "E:\Program Files\PICC\Devices\16F877A.h" Line 524(9,10): Illegal C character in input file  0x00
*** Error 1 "E:\Program Files\PICC\Devices\16F877A.h" Line 524(9,10): Illegal C character in input file  0x00
*** Error 1 "E:\Program Files\PICC\Devices\16F877A.h" Line 524(9,10): Illegal C character in input file  0x00
*** Error 1 "E:\Program Files\PICC\Devices\16F877A.h" Line 524(9,10): Illegal C character in input file  0x00
*** Error 1 "E:\Program Files\PICC\Devices\16F877A.h" Line 524(9,10): Illegal C character in input file  0x00
*** Error 1 "E:\Program Files\PICC\Devices\16F877A.h" Line 524(9,10): Illegal C character in input file  0x00
*** Error 1 "E:\Program Files\PICC\Devices\16F877A.h" Line 524(9,10): Illegal C character in input file  0x00
*** Error 1 "E:\Program Files\PICC\Devices\16F877A.h" Line 524(9,10): Illegal C character in input file  0x00
*** Error 1 "E:\Program Files\PICC\Devices\16F877A.h" Line 524(9,10): Illegal C character in input file  0x00
*** Error 1 "E:\Program Files\PICC\Devices\16F877A.h" Line 524(9,10): Illegal C character in input file  0x00
*** Error 1 "E:\Program Files\PICC\Devices\16F877A.h" Line 524(9,10): Illegal C character in input file  0x00
*** Error 1 "E:\Program Files\PICC\Devices\16F877A.h" Line 524(9,10): Illegal C character in input file  0x00
*** Error 1 "E:\Program Files\PICC\Devices\16F877A.h" Line 524(9,10): Illegal C character in input file  0x00
*** Error 1 "E:\Program Files\PICC\Devices\16F877A.h" Line 524(9,10): Illegal C character in input file  0x00
*** Error 1 "E:\Program Files\PICC\Devices\16F877A.h" Line 524(9,10): Illegal C character in input file  0x00
*** Error 1 "E:\Program Files\PICC\Devices\16F877A.h" Line 524(9,10): Illegal C character in input file  0x00
*** Error 1 "E:\Program Files\PICC\Devices\16F877A.h" Line 524(9,10): Illegal C character in input file  0x00
*** Error 1 "E:\Program Files\PICC\Devices\16F877A.h" Line 524(9,10): Illegal C character in input file  0x00
*** Error 1 "E:\Program Files\PICC\Devices\16F877A.h" Line 524(9,10): Illegal C character in input file  0x00
*** Error 1 "E:\Program Files\PICC\Devices\16F877A.h" Line 524(9,10): Illegal C character in input file  0x00
*** Error 1 "E:\Program Files\PICC\Devices\16F877A.h" Line 524(9,10): Illegal C character in input file  0x00
*** Error 1 "E:\Program Files\PICC\Devices\16F877A.h" Line 524(9,10): Illegal C character in input file  0x00
*** Error 1 "E:\Program Files\PICC\Devices\16F877A.h" Line 524(9,10): Illegal C character in input file  0x00
*** Error 1 "E:\Program Files\PICC\Devices\16F877A.h" Line 524(9,10): Illegal C character in input file  0x00
*** Error 1 "E:\Program Files\PICC\Devices\16F877A.h" Line 524(9,10): Illegal C character in input file  0x00
*** Error 1 "E:\Program Files\PICC\Devices\16F877A.h" Line 524(9,10): Illegal C character in input file  0x00
*** Error 1 "E:\Program Files\PICC\Devices\16F877A.h" Line 524(9,10): Illegal C character in input file  0x00
*** Error 1 "E:\Program Files\PICC\Devices\16F877A.h" Line 524(9,10): Illegal C character in input file  0x00
*** Error 1 "E:\Program Files\PICC\Devices\16F877A.h" Line 524(9,10): Illegal C character in input file  0x00
*** Error 1 "E:\Program Files\PICC\Devices\16F877A.h" Line 524(9,10): Illegal C character in input file  0x00
*** Error 1 "E:\Program Files\PICC\Devices\16F877A.h" Line 524(9,10): Illegal C character in input file  0x00
*** Error 1 "E:\Program Files\PICC\Devices\16F877A.h" Line 524(9,10): Illegal C character in input file  0x00
*** Error 1 "E:\Program Files\PICC\Devices\16F877A.h" Line 524(9,10): Illegal C character in input file  0x00
*** Error 1 "E:\Program Files\PICC\Devices\16F877A.h" Line 524(9,10): Illegal C character in input file  0x00
*** Error 1 "E:\Program Files\PICC\Devices\16F877A.h" Line 524(9,10): Illegal C character in input file  0x00
*** Error 1 "E:\Program Files\PICC\Devices\16F877A.h" Line 524(9,10): Illegal C character in input file  0x00
*** Error 1 "E:\Program Files\PICC\Devices\16F877A.h" Line 524(9,10): Illegal C character in input file  0x00
*** Error 1 "E:\Program Files\PICC\Devices\16F877A.h" Line 524(9,10): Illegal C character in input file  0x00
*** Error 1 "E:\Program Files\PICC\Devices\16F877A.h" Line 524(9,10): Illegal C character in input file  0x00
*** Error 1 "E:\Program Files\PICC\Devices\16F877A.h" Line 524(9,10): Illegal C character in input file  0x00
*** Error 1 "E:\Program Files\PICC\Devices\16F877A.h" Line 524(9,10): Illegal C character in input file  0x00
*** Error 1 "E:\Program Files\PICC\Devices\16F877A.h" Line 524(9,10): Illegal C character in input file  0x00
*** Error 1 "E:\Program Files\PICC\Devices\16F877A.h" Line 524(9,10): Illegal C character in input file  0x00
*** Error 1 "E:\Program Files\PICC\Devices\16F877A.h" Line 524(9,10): Illegal C character in input file  0x00
*** Error 1 "E:\Program Files\PICC\Devices\16F877A.h" Line 524(9,10): Illegal C character in input file  0x00
*** Error 1 "E:\Program Files\PICC\Devices\16F877A.h" Line 524(9,10): Illegal C character in input file  0x00
*** Error 1 "E:\Program Files\PICC\Devices\16F877A.h" Line 524(9,10): Illegal C character in input file  0x00
*** Error 1 "E:\Program Files\PICC\Devices\16F877A.h" Line 524(9,10): Illegal C character in input file  0x00
*** Error 1 "E:\Program Files\PICC\Devices\16F877A.h" Line 524(9,10): Illegal C character in input file  0x00
*** Error 1 "E:\Program Files\PICC\Devices\16F877A.h" Line 524(9,10): Illegal C character in input file  0x00
*** Error 1 "E:\Program Files\PICC\Devices\16F877A.h" Line 524(9,10): Illegal C character in input file  0x00
*** Error 1 "E:\Program Files\PICC\Devices\16F877A.h" Line 524(9,10): Illegal C character in input file  0x00
*** Error 1 "E:\Program Files\PICC\Devices\16F877A.h" Line 524(9,10): Illegal C character in input file  0x00
*** Error 1 "E:\Program Files\PICC\Devices\16F877A.h" Line 524(9,10): Illegal C character in input file  0x00
*** Error 1 "E:\Program Files\PICC\Devices\16F877A.h" Line 524(9,10): Illegal C character in input file  0x00
*** Error 1 "E:\Program Files\PICC\Devices\16F877A.h" Line 524(9,10): Illegal C character in input file  0x00
*** Error 1 "E:\Program Files\PICC\Devices\16F877A.h" Line 524(9,10): Illegal C character in input file  0x00
*** Error 1 "E:\Program Files\PICC\Devices\16F877A.h" Line 524(9,10): Illegal C character in input file  0x00
